***** Place and Route Configurations *****
Timing-driven            : ON
Power-driven             : OFF
High-effort              : OFF
Repair min-delay         : ON
Incremental              : OFF
Inter-clock optimization : OFF
TDPR scenario            : Primary


Running the I/O Bank and Globals Assigner.
Info:  I/O Bank and Globals Assigner identified 19 fixed I/O macros, 0 unfixed I/O macros

I/O Bank and Globals Assigner completed successfully.
Total time spent in I/O Bank and Globals Assigner: 0 seconds

Placer V4.0 - 11.7.0
Design: Top_Fabric_Master               Started: Sat Jul  9 11:17:45 2016

Initializing Timing-Driven Placement ...
While analyzing gated clock network, ambiguities have been found on gates CORESPI_0/USPI/UCC/un1_resetn_rx_0_m2:Y.
The timing models of these gates have been simplified for Static Timing Analysis.
Placing design...
End of placement.
Pre-Placement Runtime        : 16 seconds
Placement Runtime            : 53 seconds

Placer completed successfully.

Design: Top_Fabric_Master
Finished: Sat Jul  9 11:19:28 2016
Total CPU Time:     00:01:42            Total Elapsed Time: 00:01:43
Total Memory Usage: 914.8 Mbytes
                        o - o - o - o - o - o


Router
Design: Top_Fabric_Master               Started: Sat Jul  9 11:19:38 2016


Router completed successfully.

Design: Top_Fabric_Master
Finished: Sat Jul  9 11:20:45 2016
Total CPU Time:     00:01:06            Total Elapsed Time: 00:01:07
Total Memory Usage: 1997.4 Mbytes
                        o - o - o - o - o - o

While analyzing gated clock network, ambiguities have been found on gates CORESPI_0/USPI/UCC/un1_resetn_rx_0_m2:Y.
The timing models of these gates have been simplified for Static Timing Analysis.
Info: Iteration 1:
  Number of violating paths: 0
  Worst minimum delay slack:
Resource Usage
+---------------+-------+-------+------------+
| Type          | Used  | Total | Percentage |
+---------------+-------+-------+------------+
| 4LUT          | 10499 | 56520 | 18.58      |
| DFF           | 6703  | 56520 | 11.86      |
| I/O Register  | 0     | 795   | 0.00       |
| Logic Element | 11489 | 56520 | 20.33      |
+---------------+-------+-------+------------+

